Martel physicochemical descriptors


====================== RayContinuityScore ======================
[##--------] 707 INSTANCES, 1438 FEATURES LOADED (0.000s)
[####------] 249571 PAIRWISE COMBINATIONS GENERATED (8.301s)
[######----] CONTINUOUS DICE SIMILARITY COMPUTED (429.639s)
      *Average similarity: 0.94675
[########--] RESPONSE DIFFERENCE COMPUTED (66.325s)
      *Average response difference: 0.19867
[##########] RAYCONTINUITYSCORE COMPUTED (0.534s)
      *RayContinuityScore: 0.75972
================================================================


Landscape saved. Continuity index = 0.7597235019169871




Martel structural key binary


====================== RayContinuityScore ======================
[##--------] 707 INSTANCES, 1354 FEATURES LOADED (0.000s)
[####------] 249571 PAIRWISE COMBINATIONS GENERATED (7.426s)
[######----] BINARY DICE SIMILARITY COMPUTED (327.145s)
      *Average similarity: 0.59111
[########--] RESPONSE DIFFERENCE COMPUTED (64.611s)
      *Average response difference: 0.19867
[##########] RAYCONTINUITYSCORE COMPUTED (0.508s)
      *RayContinuityScore: 0.47746
================================================================


Landscape saved. Continuity index = 0.4774564321114864




Martel structural key count


====================== RayContinuityScore ======================
[##--------] 707 INSTANCES, 1354 FEATURES LOADED (0.000s)
[####------] 249571 PAIRWISE COMBINATIONS GENERATED (7.332s)
[######----] CONTINUOUS DICE SIMILARITY COMPUTED (327.246s)
      *Average similarity: 0.58800
[########--] RESPONSE DIFFERENCE COMPUTED (61.572s)
      *Average response difference: 0.19867
[##########] RAYCONTINUITYSCORE COMPUTED (0.532s)
      *RayContinuityScore: 0.47516
================================================================


Landscape saved. Continuity index = 0.4751626351421404




Martel circular fingerprint binary


====================== RayContinuityScore ======================
[##--------] 707 INSTANCES, 1024 FEATURES LOADED (0.000s)
[####------] 249571 PAIRWISE COMBINATIONS GENERATED (5.694s)
[######----] BINARY DICE SIMILARITY COMPUTED (268.578s)
      *Average similarity: 0.22369
[########--] RESPONSE DIFFERENCE COMPUTED (65.214s)
      *Average response difference: 0.19867
[##########] RAYCONTINUITYSCORE COMPUTED (0.514s)
      *RayContinuityScore: 0.18092
================================================================


Landscape saved. Continuity index = 0.18091934135612345




Martel fingerprint count scaled


====================== RayContinuityScore ======================
[##--------] 707 INSTANCES, 1024 FEATURES LOADED (0.000s)
[####------] 249571 PAIRWISE COMBINATIONS GENERATED (5.833s)
[######----] CONTINUOUS DICE SIMILARITY COMPUTED (243.642s)
      *Average similarity: 0.02800
[########--] RESPONSE DIFFERENCE COMPUTED (62.867s)
      *Average response difference: 0.19867
[##########] RAYCONTINUITYSCORE COMPUTED (0.469s)
      *RayContinuityScore: 0.02289
================================================================


Landscape saved. Continuity index = 0.022887597277550534
